<?xml version="1.0" encoding="UTF-8"?>
<!-- Generated by org.testng.reporters.JUnitReportReporter -->
<testsuite skipped="0" hostname="DESKTOP-PFUQSED" name="prec.ReadFromXl" tests="2" failures="0" timestamp="15 Apr 2019 00:36:58 GMT" time="18.336" errors="0">
  <testcase name="testWriteInXl" time="10.352" classname="prec.ReadFromXl"/>
  <testcase name="testReadFromXL" time="7.984" classname="prec.ReadFromXl"/>
</testsuite> <!-- prec.ReadFromXl -->
