<?xml version="1.0" encoding="UTF-8"?>
<!-- Generated by org.testng.reporters.JUnitReportReporter -->
<testsuite skipped="2" hostname="DESKTOP-PFUQSED" name="prec.PriorityPrec" tests="5" failures="0" timestamp="07 Apr 2019 15:43:10 GMT" time="0.026" errors="0">
  <testcase name="logInTest" time="0.006" classname="prec.PriorityPrec"/>
  <testcase name="changePass" time="0.008" classname="prec.PriorityPrec"/>
  <testcase name="logOutTest" time="0.003" classname="prec.PriorityPrec"/>
  <testcase name="goinToSkipTest" time="0.009" classname="prec.PriorityPrec">
    <skipped/>
  </testcase> <!-- goinToSkipTest -->
  <testcase name="dontRunThisTest" classname="prec.PriorityPrec">
    <skipped/>
  </testcase> <!-- dontRunThisTest -->
</testsuite> <!-- prec.PriorityPrec -->
