<?xml version="1.0" encoding="UTF-8"?>
<!-- Generated by org.testng.reporters.JUnitReportReporter -->
<testsuite skipped="0" hostname="DESKTOP-PFUQSED" name="test.facebook.login.FacebookEmailPass" tests="1" failures="0" timestamp="24 Mar 2019 18:26:01 GMT" time="0.424" errors="0">
  <testcase name="testFacebookEmailPass" time="0.424" classname="test.facebook.login.FacebookEmailPass"/>
</testsuite> <!-- test.facebook.login.FacebookEmailPass -->
