<?xml version="1.0" encoding="UTF-8"?>
<!-- Generated by org.testng.reporters.JUnitReportReporter -->
<testsuite skipped="0" hostname="DESKTOP-PFUQSED" name="prec.ReadFromXl" tests="1" failures="0" timestamp="14 Apr 2019 18:56:48 GMT" time="8.586" errors="0">
  <testcase name="testReadFromXL" time="8.586" classname="prec.ReadFromXl"/>
</testsuite> <!-- prec.ReadFromXl -->
