<?xml version="1.0" encoding="UTF-8"?>
<!-- Generated by org.testng.reporters.JUnitReportReporter -->
<testsuite skipped="1" hostname="DESKTOP-PFUQSED" name="prec.PriorityPrec" tests="4" failures="0" timestamp="31 Mar 2019 15:46:56 GMT" time="0.044" errors="0">
  <testcase name="logInTest" time="0.032" classname="prec.PriorityPrec"/>
  <testcase name="changePass" time="0.005" classname="prec.PriorityPrec"/>
  <testcase name="logOutTest" time="0.004" classname="prec.PriorityPrec"/>
  <testcase name="goinToSkipTest" time="0.003" classname="prec.PriorityPrec">
    <skipped/>
  </testcase> <!-- goinToSkipTest -->
</testsuite> <!-- prec.PriorityPrec -->
