<?xml version="1.0" encoding="UTF-8"?>
<!-- Generated by org.testng.reporters.JUnitReportReporter -->
<testsuite skipped="0" hostname="DESKTOP-PFUQSED" name="prec.ReadFromXl" tests="1" failures="0" timestamp="14 Apr 2019 18:12:48 GMT" time="10.369" errors="0">
  <testcase name="readingFromXL" time="10.369" classname="prec.ReadFromXl"/>
</testsuite> <!-- prec.ReadFromXl -->
