<?xml version="1.0" encoding="UTF-8"?>
<!-- Generated by org.testng.reporters.JUnitReportReporter -->
<testsuite skipped="0" hostname="DESKTOP-PFUQSED" name="prec.PrecTryCatch" tests="1" failures="0" timestamp="07 Apr 2019 15:43:10 GMT" time="0.013" errors="0">
  <testcase name="tryCatchTest" time="0.013" classname="prec.PrecTryCatch"/>
</testsuite> <!-- prec.PrecTryCatch -->
