<?xml version="1.0" encoding="UTF-8"?>
<!-- Generated by org.testng.reporters.JUnitReportReporter -->
<testsuite skipped="0" hostname="DESKTOP-PFUQSED" name="test.facebook.login.FacebookEmailPass" tests="1" failures="0" timestamp="31 Mar 2019 14:39:54 GMT" time="0.525" errors="0">
  <testcase name="testFacebookEmailPass" time="0.525" classname="test.facebook.login.FacebookEmailPass"/>
</testsuite> <!-- test.facebook.login.FacebookEmailPass -->
