<?xml version="1.0" encoding="UTF-8"?>
<!-- Generated by org.testng.reporters.JUnitReportReporter -->
<testsuite skipped="1" hostname="DESKTOP-PFUQSED" name="prec.PriorityPrec" tests="5" failures="0" timestamp="31 Mar 2019 16:07:20 GMT" time="0.042" errors="0">
  <testcase name="logInTest" time="0.024" classname="prec.PriorityPrec"/>
  <testcase name="changePass" time="0.004" classname="prec.PriorityPrec"/>
  <testcase name="logOutTest" time="0.003" classname="prec.PriorityPrec"/>
  <testcase name="goinToSkipTest" time="0.007" classname="prec.PriorityPrec">
    <skipped/>
  </testcase> <!-- goinToSkipTest -->
  <testcase name="dontRunThisTest" time="0.004" classname="prec.PriorityPrec"/>
</testsuite> <!-- prec.PriorityPrec -->
