<?xml version="1.0" encoding="UTF-8"?>
<!-- Generated by org.testng.reporters.JUnitReportReporter -->
<testsuite skipped="0" hostname="DESKTOP-PFUQSED" name="test.facebook.login.AnnotationPrec" tests="2" failures="0" timestamp="31 Mar 2019 14:59:41 GMT" time="0.016" errors="0">
  <testcase name="my2Test" time="0.008" classname="test.facebook.login.AnnotationPrec"/>
  <testcase name="myTest" time="0.008" classname="test.facebook.login.AnnotationPrec"/>
</testsuite> <!-- test.facebook.login.AnnotationPrec -->
