<?xml version="1.0" encoding="UTF-8"?>
<!-- Generated by org.testng.reporters.JUnitReportReporter -->
<testsuite skipped="0" hostname="DESKTOP-PFUQSED" name="prec.AnnotationPrec" tests="1" failures="0" timestamp="07 Apr 2019 16:33:09 GMT" time="0.003" errors="0">
  <testcase name="myTest" time="0.003" classname="prec.AnnotationPrec"/>
</testsuite> <!-- prec.AnnotationPrec -->
