<?xml version="1.0" encoding="UTF-8"?>
<!-- Generated by org.testng.reporters.JUnitReportReporter -->
<testsuite skipped="0" hostname="DESKTOP-PFUQSED" name="test.facebook.login.FacebookEmailPass" tests="1" failures="0" timestamp="07 Apr 2019 15:43:10 GMT" time="11.492" errors="0">
  <testcase name="testFacebookEmailPass" time="11.492" classname="test.facebook.login.FacebookEmailPass"/>
</testsuite> <!-- test.facebook.login.FacebookEmailPass -->
