<?xml version="1.0" encoding="UTF-8"?>
<!-- Generated by org.testng.reporters.JUnitReportReporter -->
<testsuite skipped="0" hostname="DESKTOP-PFUQSED" name="test.facebook.login.FacebookEmailPass" tests="1" failures="0" timestamp="31 Mar 2019 15:10:58 GMT" time="10.722" errors="0">
  <testcase name="testFacebookEmailPass" time="10.722" classname="test.facebook.login.FacebookEmailPass"/>
</testsuite> <!-- test.facebook.login.FacebookEmailPass -->
