<?xml version="1.0" encoding="UTF-8"?>
<!-- Generated by org.testng.reporters.JUnitReportReporter -->
<testsuite skipped="0" hostname="DESKTOP-PFUQSED" name="test.facebook.login.FacebookEmailPass" tests="1" failures="0" timestamp="14 Apr 2019 18:31:18 GMT" time="8.981" errors="0">
  <testcase name="testFacebookEmailPass" time="8.981" classname="test.facebook.login.FacebookEmailPass"/>
</testsuite> <!-- test.facebook.login.FacebookEmailPass -->
