<?xml version="1.0" encoding="UTF-8"?>
<!-- Generated by org.testng.reporters.JUnitReportReporter -->
<testsuite skipped="0" hostname="DESKTOP-PFUQSED" name="test.facebook.login.LoginFacebook" tests="1" failures="0" timestamp="24 Mar 2019 16:42:12 GMT" time="7.955" errors="0">
  <testcase name="testFacebookSignup" time="7.955" classname="test.facebook.login.LoginFacebook"/>
</testsuite> <!-- test.facebook.login.LoginFacebook -->
