<?xml version="1.0" encoding="UTF-8"?>
<!-- Generated by org.testng.reporters.JUnitReportReporter -->
<testsuite skipped="0" hostname="DESKTOP-PFUQSED" name="prec.Grouping" tests="2" failures="0" timestamp="07 Apr 2019 16:33:09 GMT" time="0.020" errors="0">
  <testcase name="talentTEK1" time="0.013" classname="prec.Grouping"/>
  <testcase name="talentTEK_Consulting" time="0.007" classname="prec.Grouping"/>
</testsuite> <!-- prec.Grouping -->
