<?xml version="1.0" encoding="UTF-8"?>
<!-- Generated by org.testng.reporters.JUnitReportReporter -->
<testsuite skipped="0" hostname="DESKTOP-PFUQSED" name="prec.PrecTryCatch" tests="1" failures="0" timestamp="31 Mar 2019 16:17:57 GMT" time="0.033" errors="0">
  <testcase name="tryCatchTest" time="0.033" classname="prec.PrecTryCatch"/>
</testsuite> <!-- prec.PrecTryCatch -->
