<?xml version="1.0" encoding="UTF-8"?>
<!-- Generated by org.testng.reporters.JUnitReportReporter -->
<testsuite skipped="0" hostname="DESKTOP-PFUQSED" name="prec.DynamicPath" tests="1" failures="0" timestamp="14 Apr 2019 17:29:35 GMT" time="0.030" errors="0">
  <testcase name="dyanmicPathTest" time="0.030" classname="prec.DynamicPath"/>
</testsuite> <!-- prec.DynamicPath -->
