<?xml version="1.0" encoding="UTF-8"?>
<!-- Generated by org.testng.reporters.JUnitReportReporter -->
<testsuite skipped="0" hostname="DESKTOP-PFUQSED" name="prec.DependsOn" tests="2" failures="0" timestamp="07 Apr 2019 16:03:32 GMT" time="0.017" errors="0">
  <testcase name="openBrowser" time="0.015" classname="prec.DependsOn"/>
  <testcase name="SignIn" time="0.002" classname="prec.DependsOn"/>
</testsuite> <!-- prec.DependsOn -->
